<?xml version="1.0" encoding="utf-8"?>
<assemblies timestamp="06/08/2020 21:21:18">
  <assembly name="/build/service/FileAccess/test/UnitTests/WebApiTests/bin/Debug/netcoreapp3.1/FileAccess.UnitTests.dll" run-date="2020-06-08" run-time="21:21:18" total="5" passed="5" failed="0" skipped="0" time="0.199" errors="0">
    <errors />
    <collection total="5" passed="5" failed="0" skipped="0" name="Test collection for FileAccess.UnitTests.Executors.RawFileAccessExecutorTests" time="0.199">
      <test name="FileAccess.UnitTests.Executors.RawFileAccessExecutorTests.GetConfigurationStore" type="FileAccess.UnitTests.Executors.RawFileAccessExecutorTests" method="GetConfigurationStore" time="0.0057884" result="Pass">
        <traits />
      </test>
      <test name="FileAccess.UnitTests.Executors.RawFileAccessExecutorTests.GetLogger" type="FileAccess.UnitTests.Executors.RawFileAccessExecutorTests" method="GetLogger" time="0.0001131" result="Pass">
        <traits />
      </test>
      <test name="FileAccess.UnitTests.Executors.RawFileAccessExecutorTests.RawFileAccess_NoFileFound" type="FileAccess.UnitTests.Executors.RawFileAccessExecutorTests" method="RawFileAccess_NoFileFound" time="0.1827928" result="Pass">
        <traits />
      </test>
      <test name="FileAccess.UnitTests.Executors.RawFileAccessExecutorTests.RawFileAccess_NoValidInput" type="FileAccess.UnitTests.Executors.RawFileAccessExecutorTests" method="RawFileAccess_NoValidInput" time="0.0009145" result="Pass">
        <traits />
      </test>
      <test name="FileAccess.UnitTests.Executors.RawFileAccessExecutorTests.RawFileAccess_FileFound" type="FileAccess.UnitTests.Executors.RawFileAccessExecutorTests" method="RawFileAccess_FileFound" time="0.0097820" result="Pass">
        <traits />
      </test>
    </collection>
  </assembly>
</assemblies>